<?xml version="1.0" encoding="UTF-8"?>
<!-- Generated by org.testng.reporters.JUnitXMLReporter -->
<testsuite ignored="0" hostname="CPT0QG3" failures="1" tests="4" name="PetTest" time="9.159" errors="0" timestamp="2025-06-18T18:25:58 IST">
  <testcase classname="api.test.PetTests" name="testAddPet" time="4.365"/>
  <testcase classname="api.test.PetTests" name="testFindPet" time="1.095"/>
  <testcase classname="api.test.PetTests" name="testUpdatePet" time="2.178"/>
  <testcase classname="api.test.PetTests" name="testDeletePet" time="0.997">
    <failure type="java.lang.AssertionError" message="expected [200] but found [404]">
      <![CDATA[java.lang.AssertionError: expected [200] but found [404]
at api.test.PetTests.testDeletePet(PetTests.java:126)
at java.base/java.util.ArrayList.forEach(ArrayList.java:1596)
... Removed 32 stack frames]]>
    </failure>
  </testcase> <!-- testDeletePet -->
</testsuite> <!-- PetTest -->
